<?xml version="1.0" encoding="UTF-8"?>
<!-- Generated by org.testng.reporters.JUnitReportReporter -->
<testsuite skipped="0" hostname="Nehas-MacBook-Pro.local" name="com.project.Reporter.AppTest" tests="1" failures="0" timestamp="03 Apr 2017 10:10:49 GMT" time="9.015" errors="0">
  <testcase name="verifyLogin" time="9.015" classname="com.project.Reporter.AppTest"/>
</testsuite> <!-- com.project.Reporter.AppTest -->
